<?xml version="1.0" encoding="UTF-8"?>
<testng-results ignored="0" total="2" passed="2" failed="0" skipped="0">
  <reporter-output>
  </reporter-output>
  <suite started-at="2024-12-26T18:57:07 IST" name="StockInformationValidationSuite" finished-at="2024-12-26T18:57:30 IST" duration-ms="23283">
    <groups>
    </groups>
    <test started-at="2024-12-26T18:57:07 IST" name="ChromeTest" finished-at="2024-12-26T18:57:30 IST" duration-ms="23283">
      <class name="StockTests.StockInfoValidationTest">
        <test-method is-config="true" signature="setUp(java.lang.String)[pri:0, instance:StockTests.StockInfoValidationTest@29e6eb25]" started-at="2024-12-26T18:57:07 IST" name="setUp" finished-at="2024-12-26T18:57:18 IST" duration-ms="11017" status="PASS">
          <params>
            <param index="0">
              <value>
                <![CDATA[chrome]]>
              </value>
            </param>
          </params>
          <reporter-output>
          </reporter-output>
        </test-method> <!-- setUp -->
        <test-method signature="verifyStockInformation(java.lang.String)[pri:0, instance:StockTests.StockInfoValidationTest@29e6eb25]" started-at="2024-12-26T18:57:18 IST" name="verifyStockInformation" data-provider="stockDataProvider" finished-at="2024-12-26T18:57:24 IST" duration-ms="5426" status="PASS">
          <params>
            <param index="0">
              <value>
                <![CDATA[RCOM]]>
              </value>
            </param>
          </params>
          <reporter-output>
          </reporter-output>
        </test-method> <!-- verifyStockInformation -->
        <test-method signature="verifyStockInformation(java.lang.String)[pri:0, instance:StockTests.StockInfoValidationTest@29e6eb25]" started-at="2024-12-26T18:57:24 IST" name="verifyStockInformation" data-provider="stockDataProvider" finished-at="2024-12-26T18:57:29 IST" duration-ms="5248" status="PASS">
          <params>
            <param index="0">
              <value>
                <![CDATA[HINDALCO]]>
              </value>
            </param>
          </params>
          <reporter-output>
          </reporter-output>
        </test-method> <!-- verifyStockInformation -->
        <test-method is-config="true" signature="tearDown()[pri:0, instance:StockTests.StockInfoValidationTest@29e6eb25]" started-at="2024-12-26T18:57:29 IST" name="tearDown" finished-at="2024-12-26T18:57:30 IST" duration-ms="1091" status="PASS">
          <reporter-output>
          </reporter-output>
        </test-method> <!-- tearDown -->
      </class> <!-- StockTests.StockInfoValidationTest -->
    </test> <!-- ChromeTest -->
  </suite> <!-- StockInformationValidationSuite -->
</testng-results>
